2023-04-28 10:26:04.003405 0 L1 239.7 1.20 262.0 108.6
2023-04-28 10:26:06.099642 1 L1 239.7 1.20 263.0 108.6
2023-04-28 10:26:08.200182 2 L1 239.7 1.20 263.0 108.6
2023-04-28 10:26:10.320123 3 L1 239.8 1.18 258.0 108.6
2023-04-28 10:26:12.423144 4 L1 239.7 1.18 258.0 108.6
2023-04-28 10:26:14.526794 5 L1 239.7 1.18 258.0 108.6
2023-04-28 10:26:16.632865 6 L1 239.3 1.48 329.0 108.6
2023-04-28 10:26:18.733496 7 L1 239.3 1.50 334.0 108.6
2023-04-28 10:26:20.834697 8 L1 239.3 1.50 334.0 108.6
2023-04-28 10:26:22.937493 9 L1 239.2 1.50 335.0 108.6
2023-04-28 10:26:25.039351 10 L1 239.3 1.50 333.0 108.6
2023-04-28 10:26:27.142897 11 L1 239.3 1.50 333.0 108.6
2023-04-28 10:26:29.249815 12 L1 239.2 1.50 335.0 108.6
2023-04-28 10:26:31.352446 13 L1 239.1 1.51 335.0 108.6
2023-04-28 10:26:33.453836 14 L1 239.1 1.51 335.0 108.6
2023-04-28 10:26:35.556910 15 L1 239.2 1.51 337.0 108.6
2023-04-28 10:26:37.659268 16 L1 239.3 1.47 326.0 108.6
2023-04-28 10:26:39.760417 17 L1 239.3 1.47 326.0 108.6
2023-04-28 10:26:41.863552 18 L1 239.3 1.50 334.0 108.6
2023-04-28 10:26:43.967715 19 L1 239.3 1.50 335.0 108.6
2023-04-28 10:26:46.072378 20 L1 239.3 1.50 335.0 108.6
2023-04-28 10:26:48.175751 21 L1 239.1 1.50 335.0 108.6
2023-04-28 10:26:50.278971 22 L1 239.1 1.51 336.0 108.6
2023-04-28 10:26:52.380982 23 L1 239.1 1.51 336.0 108.6
2023-04-28 10:26:54.484414 24 L1 238.9 1.51 336.0 108.6
2023-04-28 10:26:56.587314 25 L1 238.9 1.50 334.0 108.6
2023-04-28 10:26:58.689123 26 L1 238.9 1.50 334.0 108.6
2023-04-28 10:27:00.789701 27 L1 238.8 1.50 335.0 108.6
2023-04-28 10:27:02.892516 28 L1 239.2 1.50 335.0 108.6
2023-04-28 10:27:05.043764 29 L1 239.2 1.50 335.0 108.6
2023-04-28 10:27:07.146725 30 L1 239.5 1.51 338.0 108.6
2023-04-28 10:27:09.248480 31 L1 239.5 1.50 334.0 108.6
2023-04-28 10:27:11.340494 32 L1 239.5 1.51 337.0 108.6
2023-04-28 10:27:13.443393 33 L1 239.5 1.51 337.0 108.6
2023-04-28 10:27:15.545690 34 L1 239.7 1.49 333.0 108.6
2023-04-28 10:27:17.647791 35 L1 239.7 1.51 337.0 108.6
2023-04-28 10:27:19.751734 36 L1 239.7 1.51 337.0 108.6
2023-04-28 10:27:21.854070 37 L1 239.7 1.50 336.0 108.6
2023-04-28 10:27:23.955162 38 L1 239.6 1.51 336.0 108.6
2023-04-28 10:27:26.056825 39 L1 239.6 1.51 336.0 108.6
2023-04-28 10:27:28.159297 40 L1 239.6 1.51 336.0 108.6
2023-04-28 10:27:30.260179 41 L1 239.6 1.51 336.0 108.6
2023-04-28 10:27:32.362094 42 L1 239.6 1.51 336.0 108.6
2023-04-28 10:27:34.460868 43 L1 239.5 1.51 337.0 108.6
2023-04-28 10:27:36.559712 44 L1 239.7 1.51 337.0 108.6
2023-04-28 10:27:38.656780 45 L1 239.7 1.51 337.0 108.6
2023-04-28 10:27:40.756926 46 L1 239.8 1.51 338.0 108.6
2023-04-28 10:27:42.855533 47 L1 239.7 1.51 338.0 108.6
2023-04-28 10:27:44.953644 48 L1 239.7 1.51 338.0 108.6
2023-04-28 10:27:47.053497 49 L1 239.8 1.50 335.0 108.6
2023-04-28 10:27:49.152473 50 L1 239.8 1.51 338.0 108.6
2023-04-28 10:27:51.250768 51 L1 239.8 1.51 338.0 108.6
2023-04-28 10:27:53.352691 52 L1 239.8 1.51 338.0 108.6
2023-04-28 10:27:55.455286 53 L1 239.8 1.51 337.0 108.6
2023-04-28 10:27:57.556624 54 L1 239.8 1.51 337.0 108.6
2023-04-28 10:27:59.659059 55 L1 239.7 1.51 336.0 108.6
2023-04-28 10:28:01.760896 56 L1 239.9 1.48 329.0 108.6
2023-04-28 10:28:03.870334 57 L1 239.9 1.48 329.0 108.6
2023-04-28 10:28:05.973160 58 L1 239.8 1.52 338.0 108.6
2023-04-28 10:28:08.077460 59 L1 239.8 1.51 337.0 108.6
2023-04-28 10:28:10.179366 60 L1 239.8 1.51 337.0 108.6
2023-04-28 10:28:12.283292 61 L1 239.9 1.50 335.0 108.6
2023-04-28 10:28:14.384586 62 L1 240.0 1.50 336.0 108.6
2023-04-28 10:28:16.538523 63 L1 240.0 1.50 336.0 108.6
2023-04-28 10:28:18.641162 64 L1 240.1 1.51 337.0 108.6
2023-04-28 10:28:20.742773 65 L1 240.1 1.52 339.0 108.6
2023-04-28 10:28:22.863448 66 L1 240.3 1.51 339.0 108.6
2023-04-28 10:28:24.964272 67 L1 240.3 1.51 339.0 108.6
2023-04-28 10:28:27.074509 68 L1 240.2 1.51 338.0 108.6
2023-04-28 10:28:29.176965 69 L1 240.0 1.51 341.0 108.6
2023-04-28 10:28:31.283436 70 L1 240.0 1.51 341.0 108.6
2023-04-28 10:28:33.391602 71 L1 240.0 1.51 337.0 108.6
2023-04-28 10:28:35.499143 72 L1 239.9 1.50 336.0 108.6
2023-04-28 10:28:37.604085 73 L1 239.9 1.50 336.0 108.6
2023-04-28 10:28:39.711235 74 L1 240.0 1.51 337.0 108.6
2023-04-28 10:28:41.816339 75 L1 239.8 1.50 335.0 108.6
2023-04-28 10:28:43.922034 76 L1 239.8 1.50 335.0 108.6
2023-04-28 10:28:46.028496 77 L1 239.8 1.51 338.0 108.6
2023-04-28 10:28:48.137247 78 L1 239.8 1.51 338.0 108.6
2023-04-28 10:28:50.242718 79 L1 239.8 1.51 338.0 108.6
2023-04-28 10:28:52.345754 80 L1 239.9 1.52 339.0 108.6
2023-04-28 10:28:54.453292 81 L1 240.1 1.51 338.0 108.6
2023-04-28 10:28:56.560957 82 L1 240.1 1.51 338.0 108.6
2023-04-28 10:28:58.663545 83 L1 240.1 1.51 337.0 108.6
2023-04-28 10:29:00.772288 84 L1 240.0 1.51 337.0 108.6
2023-04-28 10:29:02.877918 85 L1 240.0 1.51 337.0 108.6
2023-04-28 10:29:04.986509 86 L1 240.0 1.50 335.0 108.6
2023-04-28 10:29:07.095171 87 L1 240.1 1.50 336.0 108.6
2023-04-28 10:29:09.202781 88 L1 240.1 1.50 336.0 108.6
2023-04-28 10:29:11.304873 89 L1 240.3 1.51 338.0 108.6
2023-04-28 10:29:13.403474 90 L1 240.4 1.51 337.0 108.6
2023-04-28 10:29:15.505117 91 L1 240.4 1.51 337.0 108.6
2023-04-28 10:29:17.606913 92 L1 240.4 1.50 334.0 108.6
2023-04-28 10:29:19.709392 93 L1 240.2 1.50 337.0 108.6
2023-04-28 10:29:21.906853 94 L1 240.2 1.50 337.0 108.6
2023-04-28 10:29:24.012801 95 L1 240.2 1.50 337.0 108.6
2023-04-28 10:29:26.116184 96 L1 240.2 1.52 341.0 108.6
2023-04-28 10:29:28.201888 97 L1 240.1 1.51 338.0 108.6
2023-04-28 10:29:30.306527 98 L1 240.1 1.51 338.0 108.6
2023-04-28 10:29:32.409638 99 L1 240.1 1.51 338.0 108.6
2023-04-28 10:29:34.510998 100 L1 240.0 1.52 339.0 108.6
2023-04-28 10:29:36.617688 101 L1 240.0 1.52 339.0 108.6
2023-04-28 10:29:38.718522 102 L1 240.1 1.51 338.0 108.6
2023-04-28 10:29:40.824249 103 L1 240.0 1.51 338.0 108.6
2023-04-28 10:29:42.929868 104 L1 240.0 1.51 338.0 108.6
2023-04-28 10:29:45.038519 105 L1 240.3 1.49 333.0 108.6
2023-04-28 10:29:47.146928 106 L1 240.1 1.52 339.0 108.6
2023-04-28 10:29:49.247642 107 L1 240.1 1.52 339.0 108.6
2023-04-28 10:29:51.350484 108 L1 240.0 1.49 333.0 108.6
2023-04-28 10:29:53.458791 109 L1 240.0 1.52 340.0 108.6
2023-04-28 10:29:55.564123 110 L1 240.0 1.52 340.0 108.6
2023-04-28 10:29:57.672921 111 L1 240.0 1.52 339.0 108.6
2023-04-28 10:29:59.781430 112 L1 240.0 1.51 338.0 108.6
2023-04-28 10:30:01.882107 113 L1 240.0 1.51 338.0 108.6
2023-04-28 10:30:03.983785 114 L1 240.0 1.52 339.0 108.6
2023-04-28 10:30:06.092244 115 L1 240.2 1.52 340.0 108.6
2023-04-28 10:30:08.197010 116 L1 240.2 1.52 340.0 108.6
2023-04-28 10:30:10.304967 117 L1 240.4 1.51 338.0 108.6
2023-04-28 10:30:12.409780 118 L1 240.3 1.51 339.0 108.6
2023-04-28 10:30:14.511689 119 L1 240.3 1.51 339.0 108.6
2023-04-28 10:30:16.617639 120 L1 240.2 1.52 339.0 108.6
2023-04-28 10:30:18.726312 121 L1 240.2 1.52 339.0 108.6
2023-04-28 10:30:20.832629 122 L1 240.2 1.52 339.0 108.6
2023-04-28 10:30:22.941341 123 L1 240.2 1.51 338.0 108.6
2023-04-28 10:30:25.050964 124 L1 240.2 1.51 338.0 108.6
2023-04-28 10:30:27.155740 125 L1 240.2 1.51 338.0 108.6
2023-04-28 10:30:29.257405 126 L1 240.1 1.51 339.0 108.6
2023-04-28 10:30:31.365430 127 L1 240.2 1.51 337.0 108.6
2023-04-28 10:30:33.506762 128 L1 240.2 1.51 337.0 108.6
2023-04-28 10:30:35.613538 129 L1 240.0 1.51 337.0 108.6
2023-04-28 10:30:37.724242 130 L1 240.0 1.51 337.0 108.6
2023-04-28 10:30:39.834487 131 L1 240.0 1.51 337.0 108.6
2023-04-28 10:30:41.937771 132 L1 240.0 1.51 337.0 108.6
2023-04-28 10:30:44.039295 133 L1 240.0 1.51 337.0 108.6
2023-04-28 10:30:46.127282 134 L1 239.9 1.51 337.0 108.6
2023-04-28 10:30:48.231736 135 L1 239.9 1.51 337.0 108.6
2023-04-28 10:30:50.340422 136 L1 240.0 1.52 339.0 108.6
2023-04-28 10:30:52.445992 137 L1 239.9 1.52 338.0 108.6
2023-04-28 10:30:54.551315 138 L1 239.9 1.52 338.0 108.6
2023-04-28 10:30:56.654255 139 L1 239.9 1.52 339.0 108.6
2023-04-28 10:30:58.761666 140 L1 239.8 1.51 337.0 108.6
2023-04-28 10:31:00.865269 141 L1 239.8 1.51 337.0 108.6
2023-04-28 10:31:02.973418 142 L1 239.6 1.51 337.0 108.6
2023-04-28 10:31:05.080641 143 L1 239.5 1.51 338.0 108.6
2023-04-28 10:31:07.186897 144 L1 239.5 1.51 338.0 108.6
2023-04-28 10:31:09.289374 145 L1 239.6 1.51 338.0 108.6
2023-04-28 10:31:11.396883 146 L1 239.6 1.52 339.0 108.6
2023-04-28 10:31:13.503433 147 L1 239.6 1.52 339.0 108.6
2023-04-28 10:31:15.609513 148 L1 239.6 1.51 337.0 108.6
2023-04-28 10:31:17.716475 149 L1 239.6 1.51 338.0 108.6
2023-04-28 10:31:19.821753 150 L1 239.6 1.51 338.0 108.6
2023-04-28 10:31:21.922926 151 L1 239.6 1.51 338.0 108.6
2023-04-28 10:31:24.026987 152 L1 239.5 1.52 338.0 108.6
2023-04-28 10:31:26.128924 153 L1 239.5 1.52 338.0 108.6
2023-04-28 10:31:28.236599 154 L1 239.4 1.52 338.0 108.6
2023-04-28 10:31:30.342398 155 L1 239.2 1.52 339.0 108.6
2023-04-28 10:31:32.443049 156 L1 239.2 1.52 339.0 108.6
2023-04-28 10:31:34.550534 157 L1 239.2 1.51 336.0 108.6
2023-04-28 10:31:36.657906 158 L1 239.4 1.52 339.0 108.6
2023-04-28 10:31:38.798251 159 L1 239.4 1.52 339.0 108.6
2023-04-28 10:31:40.907022 160 L1 239.3 1.52 338.0 108.6
2023-04-28 10:31:43.015387 161 L1 239.4 1.51 337.0 108.6
2023-04-28 10:31:45.146551 162 L1 239.4 1.52 339.0 108.6
2023-04-28 10:31:47.251649 163 L1 239.4 1.52 339.0 108.6
2023-04-28 10:31:49.361189 164 L1 239.3 1.53 340.0 108.6
2023-04-28 10:31:51.465931 165 L1 239.3 1.52 339.0 108.6
2023-04-28 10:31:53.567149 166 L1 239.3 1.52 339.0 108.6
2023-04-28 10:31:55.668951 167 L1 239.4 1.53 340.0 108.6
2023-04-28 10:31:57.771267 168 L1 239.2 1.51 339.0 108.6
2023-04-28 10:31:59.873655 169 L1 239.2 1.51 339.0 108.6
2023-04-28 10:32:01.975354 170 L1 238.9 1.53 341.0 108.6
2023-04-28 10:32:04.075144 171 L1 238.8 1.49 330.0 108.6
2023-04-28 10:32:06.175131 172 L1 238.8 1.49 330.0 108.6
2023-04-28 10:32:08.276667 173 L1 238.8 1.52 338.0 108.6
2023-04-28 10:32:10.385457 174 L1 238.9 1.51 337.0 108.6
2023-04-28 10:32:12.490998 175 L1 238.9 1.51 337.0 108.6
2023-04-28 10:32:14.564936 176 L1 238.7 1.52 338.0 108.6
2023-04-28 10:32:16.670744 177 L1 238.6 1.52 337.0 108.6
2023-04-28 10:32:18.789768 178 L1 238.6 1.52 337.0 108.6
2023-04-28 10:32:20.892683 179 L1 238.8 1.52 339.0 108.6
2023-04-28 10:32:22.996772 180 L1 238.9 1.52 340.0 108.6
2023-04-28 10:32:25.104659 181 L1 238.9 1.52 340.0 108.6
2023-04-28 10:32:27.207467 182 L1 239.0 1.52 339.0 108.6
2023-04-28 10:32:29.310295 183 L1 239.1 1.52 339.0 108.6
2023-04-28 10:32:31.410890 184 L1 239.1 1.52 339.0 108.6
2023-04-28 10:32:33.513241 185 L1 239.1 1.52 338.0 108.6
2023-04-28 10:32:35.623370 186 L1 239.0 1.50 334.0 108.6
2023-04-28 10:32:37.730383 187 L1 239.0 1.50 334.0 108.6
2023-04-28 10:32:39.831825 188 L1 238.8 1.53 340.0 108.6
2023-04-28 10:32:41.931763 189 L1 238.7 1.52 340.0 108.6
2023-04-28 10:32:44.031674 190 L1 238.7 1.52 340.0 108.6
2023-04-28 10:32:46.133641 191 L1 238.7 1.52 339.0 108.6
2023-04-28 10:32:48.245229 192 L1 238.8 1.52 339.0 108.6
2023-04-28 10:32:50.355171 193 L1 238.8 1.52 339.0 108.6
2023-04-28 10:32:52.462080 194 L1 239.1 1.51 340.0 108.6
2023-04-28 10:32:54.566820 195 L1 239.4 1.22 266.0 108.6
2023-04-28 10:32:56.760467 196 L1 239.5 1.22 266.0 108.6
2023-04-28 10:32:58.864108 197 L1 239.5 1.22 266.0 108.6
2023-04-28 10:33:00.970568 198 L1 239.6 1.18 259.0 108.6
2023-04-28 10:33:03.071652 199 L1 239.6 1.19 261.0 108.6
2023-04-28 10:33:05.179162 200 L1 239.6 1.19 261.0 108.6
2023-04-28 10:33:07.281962 201 L1 239.7 1.20 262.0 108.6
2023-04-28 10:33:09.387463 202 L1 239.9 1.20 262.0 108.6
2023-04-28 10:33:11.493197 203 L1 239.9 1.20 262.0 108.6
2023-04-28 10:33:13.602251 204 L1 239.7 1.21 266.0 108.6
2023-04-28 10:33:15.711550 205 L1 239.8 1.21 265.0 108.6
2023-04-28 10:33:17.815436 206 L1 239.8 1.21 265.0 108.6
2023-04-28 10:33:19.923680 207 L1 239.9 1.19 261.0 108.6
2023-04-28 10:33:22.027914 208 L1 240.1 1.19 261.0 108.6
2023-04-28 10:33:24.131630 209 L1 240.1 1.19 261.0 108.6
2023-04-28 10:33:26.234509 210 L1 240.1 1.17 256.0 108.6
2023-04-28 10:33:28.344899 211 L1 240.1 1.21 264.0 108.6
2023-04-28 10:33:30.451277 212 L1 240.1 1.21 264.0 108.6
2023-04-28 10:33:32.553302 213 L1 240.3 1.17 255.0 108.6
2023-04-28 10:33:34.662844 214 L1 240.3 1.18 258.0 108.6
2023-04-28 10:33:36.770818 215 L1 240.3 1.18 258.0 108.6
2023-04-28 10:33:38.880909 216 L1 240.4 1.19 261.0 108.6
2023-04-28 10:33:40.989768 217 L1 240.4 1.19 261.0 108.6
2023-04-28 10:33:43.094115 218 L1 240.4 1.19 261.0 108.6
2023-04-28 10:33:45.197441 219 L1 240.5 1.19 261.0 108.6
2023-04-28 10:33:47.301255 220 L1 240.6 1.20 261.0 108.6
2023-04-28 10:33:49.407172 221 L1 240.6 1.20 261.0 108.6
2023-04-28 10:33:51.510474 222 L1 240.4 1.21 265.0 108.6
2023-04-28 10:33:53.618068 223 L1 240.6 1.21 265.0 108.6
2023-04-28 10:33:55.718662 224 L1 240.6 1.21 265.0 108.6
2023-04-28 10:33:57.814960 225 L1 240.6 1.20 263.0 108.6
2023-04-28 10:33:59.922377 226 L1 240.6 1.20 265.0 108.6
2023-04-28 10:34:02.076345 227 L1 240.6 1.20 265.0 108.6
2023-04-28 10:34:04.179216 228 L1 240.5 1.20 264.0 108.6
2023-04-28 10:34:06.281730 229 L1 240.5 1.21 265.0 108.6
2023-04-28 10:34:08.388534 230 L1 240.4 1.20 265.0 108.6
2023-04-28 10:34:10.498468 231 L1 240.4 1.20 265.0 108.6
2023-04-28 10:34:12.604356 232 L1 240.4 1.20 265.0 108.6
2023-04-28 10:34:14.705424 233 L1 240.5 1.19 260.0 108.6
2023-04-28 10:34:16.815319 234 L1 240.5 1.19 260.0 108.6
2023-04-28 10:34:18.921766 235 L1 240.3 1.19 260.0 108.6
2023-04-28 10:34:21.029649 236 L1 240.3 1.18 258.0 108.6
2023-04-28 10:34:23.133690 237 L1 240.3 1.18 258.0 108.6
2023-04-28 10:34:25.235522 238 L1 240.3 1.19 260.0 108.6
2023-04-28 10:34:27.338795 239 L1 240.2 1.19 260.0 108.6
2023-04-28 10:34:29.444126 240 L1 240.2 1.19 260.0 108.6
2023-04-28 10:34:31.552297 241 L1 240.0 1.20 264.0 108.6
2023-04-28 10:34:33.660992 242 L1 239.9 1.19 260.0 108.6
2023-04-28 10:34:35.766357 243 L1 239.9 1.19 260.0 108.6
2023-04-28 10:34:37.874642 244 L1 240.0 1.20 262.0 108.6
2023-04-28 10:34:39.984762 245 L1 240.2 1.20 264.0 108.6
2023-04-28 10:34:42.091698 246 L1 240.2 1.20 264.0 108.6
2023-04-28 10:34:44.195199 247 L1 240.2 1.19 260.0 108.6
2023-04-28 10:34:46.297735 248 L1 240.0 1.20 262.0 108.6
2023-04-28 10:34:48.399678 249 L1 240.0 1.20 262.0 108.6
2023-04-28 10:34:50.503367 250 L1 240.0 1.18 259.0 108.6
2023-04-28 10:34:52.613943 251 L1 240.2 1.20 263.0 108.6
2023-04-28 10:34:54.720795 252 L1 240.2 1.20 263.0 108.6
2023-04-28 10:34:56.829818 253 L1 240.1 1.20 263.0 108.6
2023-04-28 10:34:58.938581 254 L1 240.2 1.20 264.0 108.6
2023-04-28 10:35:01.049624 255 L1 240.2 1.20 264.0 108.6
2023-04-28 10:35:03.154440 256 L1 240.2 1.20 264.0 108.6
2023-04-28 10:35:05.263259 257 L1 240.2 1.18 257.0 108.6
2023-04-28 10:35:07.418641 258 L1 240.2 1.18 257.0 108.6
2023-04-28 10:35:09.521346 259 L1 240.2 1.20 264.0 108.6
2023-04-28 10:35:11.623539 260 L1 240.1 1.19 261.0 108.6
2023-04-28 10:35:13.759525 261 L1 239.8 1.20 264.0 108.6
2023-04-28 10:35:15.864279 262 L1 239.8 1.20 264.0 108.6
2023-04-28 10:35:17.973576 263 L1 239.7 1.20 264.0 108.6
2023-04-28 10:35:20.078429 264 L1 239.7 1.20 264.0 108.6
2023-04-28 10:35:22.185390 265 L1 239.7 1.20 264.0 108.6
2023-04-28 10:35:24.294409 266 L1 239.8 1.20 263.0 108.6
2023-04-28 10:35:26.403413 267 L1 239.6 1.20 263.0 108.6
2023-04-28 10:35:28.510437 268 L1 239.6 1.20 263.0 108.6
2023-04-28 10:35:30.614837 269 L1 239.6 1.18 258.0 108.6
2023-04-28 10:35:32.718956 270 L1 239.4 1.20 264.0 108.6
2023-04-28 10:35:34.825647 271 L1 239.4 1.20 264.0 108.6
2023-04-28 10:35:36.931516 272 L1 239.4 1.18 259.0 108.6
2023-04-28 10:35:39.040637 273 L1 239.4 1.20 263.0 108.6
2023-04-28 10:35:41.148174 274 L1 239.4 1.20 263.0 108.6
2023-04-28 10:35:43.250832 275 L1 239.6 1.19 260.0 108.6
2023-04-28 10:35:45.353935 276 L1 239.6 1.18 259.0 108.6
2023-04-28 10:35:47.457177 277 L1 239.6 1.18 259.0 108.6
2023-04-28 10:35:49.559705 278 L1 239.7 1.18 259.0 108.6
2023-04-28 10:35:51.661521 279 L1 239.6 1.19 259.0 108.6
2023-04-28 10:35:53.761093 280 L1 239.6 1.19 259.0 108.6
2023-04-28 10:35:55.862777 281 L1 239.6 1.20 263.0 108.6
2023-04-28 10:35:57.966144 282 L1 239.6 1.18 259.0 108.6
2023-04-28 10:36:00.073126 283 L1 239.6 1.18 259.0 108.6
2023-04-28 10:36:02.176119 284 L1 239.6 1.20 263.0 108.6
